Log file open, 05/02/20 11:05:21
LogWindows: Failed to load 'aqProf.dll' (GetLastError=126)
LogWindows: File 'aqProf.dll' does not exist
LogWindows: Failed to load 'VtuneApi.dll' (GetLastError=126)
LogWindows: File 'VtuneApi.dll' does not exist
LogWindows: Failed to load 'VtuneApi32e.dll' (GetLastError=126)
LogWindows: File 'VtuneApi32e.dll' does not exist
LogConsoleResponse: Display: Failed to find resolution value strings in scalability ini. Falling back to default.
LogInit: Display: Running engine for game: VRProjFollowUp
LogPlatformFile: Not using cached read wrapper
LogTaskGraph: Started task graph with 5 named threads and 35 total threads with 3 sets of task threads.
LogStats: Stats thread started at 0.231563
LogD3D11RHI: Loaded GFSDK_Aftermath_Lib.x64.dll
LogICUInternationalization: ICU TimeZone Detection - Raw Offset: +7:00, Platform Override: ''
LogPluginManager: Mounting plugin Paper2D
LogPluginManager: Mounting plugin AISupport
LogPluginManager: Mounting plugin LightPropagationVolume
LogPluginManager: Mounting plugin ActorLayerUtilities
LogPluginManager: Mounting plugin AnimationSharing
LogPluginManager: Mounting plugin CLionSourceCodeAccess
LogPluginManager: Mounting plugin CodeLiteSourceCodeAccess
LogPluginManager: Mounting plugin GitSourceControl
LogPluginManager: Mounting plugin KDevelopSourceCodeAccess
LogPluginManager: Mounting plugin NullSourceCodeAccess
LogPluginManager: Mounting plugin PerforceSourceControl
LogPluginManager: Mounting plugin PlasticSourceControl
LogPluginManager: Mounting plugin SubversionSourceControl
LogPluginManager: Mounting plugin UObjectPlugin
LogPluginManager: Mounting plugin VisualStudioCodeSourceCodeAccess
LogPluginManager: Mounting plugin VisualStudioSourceCodeAccess
LogPluginManager: Mounting plugin XCodeSourceCodeAccess
LogPluginManager: Mounting plugin AssetManagerEditor
LogPluginManager: Mounting plugin CryptoKeys
LogPluginManager: Mounting plugin CurveEditorTools
LogPluginManager: Mounting plugin DataValidation
LogPluginManager: Mounting plugin FacialAnimation
LogPluginManager: Mounting plugin GameplayTagsEditor
LogPluginManager: Mounting plugin MacGraphicsSwitching
LogPluginManager: Mounting plugin MaterialAnalyzer
LogPluginManager: Mounting plugin MobileLauncherProfileWizard
LogPluginManager: Mounting plugin PluginBrowser
LogPluginManager: Mounting plugin SpeedTreeImporter
LogPluginManager: Mounting plugin DatasmithContent
LogPluginManager: Mounting plugin VariantManagerContent
LogPluginManager: Mounting plugin AlembicImporter
LogPluginManager: Mounting plugin AutomationUtils
LogPluginManager: Mounting plugin BackChannel
LogPluginManager: Mounting plugin CharacterAI
LogPluginManager: Mounting plugin GeometryCache
LogPluginManager: Mounting plugin PlatformCrypto
LogPluginManager: Mounting plugin ProxyLODPlugin
LogPluginManager: Mounting plugin SkeletalReduction
LogPluginManager: Mounting plugin MagicLeap
LogPluginManager: Mounting plugin MagicLeapMedia
LogPluginManager: Mounting plugin MLSDK
LogPluginManager: Mounting plugin AndroidMedia
LogPluginManager: Mounting plugin AvfMedia
LogPluginManager: Mounting plugin ImgMedia
LogPluginManager: Mounting plugin MediaCompositing
LogPluginManager: Mounting plugin MediaPlayerEditor
LogPluginManager: Mounting plugin WebMMedia
LogPluginManager: Mounting plugin WmfMedia
LogPluginManager: Mounting plugin TcpMessaging
LogPluginManager: Mounting plugin UdpMessaging
LogPluginManager: Mounting plugin ActorSequence
LogPluginManager: Mounting plugin LevelSequenceEditor
LogPluginManager: Mounting plugin MatineeToLevelSequence
LogPluginManager: Mounting plugin NetcodeUnitTest
LogPluginManager: Mounting plugin NUTUnrealEngine4
LogPluginManager: Mounting plugin OnlineSubsystemGooglePlay
LogPluginManager: Mounting plugin OnlineSubsystemIOS
LogPluginManager: Mounting plugin OnlineSubsystem
LogPluginManager: Mounting plugin OnlineSubsystemNull
LogPluginManager: Mounting plugin OnlineSubsystemUtils
LogPluginManager: Mounting plugin LauncherChunkInstaller
LogPluginManager: Mounting plugin AndroidDeviceProfileSelector
LogPluginManager: Mounting plugin AndroidMoviePlayer
LogPluginManager: Mounting plugin AndroidPermission
LogPluginManager: Mounting plugin ApexDestruction
LogPluginManager: Mounting plugin AppleImageUtils
LogPluginManager: Mounting plugin AppleMoviePlayer
LogPluginManager: Mounting plugin ArchVisCharacter
LogPluginManager: Mounting plugin AssetTags
LogPluginManager: Mounting plugin AudioCapture
LogPluginManager: Mounting plugin CableComponent
LogPluginManager: Mounting plugin CustomMeshComponent
LogPluginManager: Mounting plugin EditableMesh
LogPluginManager: Mounting plugin ExampleDeviceProfileSelector
LogPluginManager: Mounting plugin GoogleCloudMessaging
LogPluginManager: Mounting plugin IOSDeviceProfileSelector
LogPluginManager: Mounting plugin LinuxDeviceProfileSelector
LogPluginManager: Mounting plugin LocationServicesBPLibrary
LogPluginManager: Mounting plugin MobilePatchingUtils
LogPluginManager: Mounting plugin OculusVR
LogPluginManager: Mounting plugin PhysXVehicles
LogPluginManager: Mounting plugin PostSplashScreen
LogPluginManager: Mounting plugin ProceduralMeshComponent
LogPluginManager: Mounting plugin RuntimePhysXCooking
LogPluginManager: Mounting plugin SignificanceManager
LogPluginManager: Mounting plugin SteamVR
LogPluginManager: Mounting plugin WebMMoviePlayer
LogPluginManager: Mounting plugin WindowsMoviePlayer
LogPluginManager: Mounting plugin ScreenshotTools
LogInit: Using libcurl 7.55.1-DEV
LogInit:  - built for x86_64-pc-win32
LogInit:  - supports SSL with OpenSSL/1.1.1
LogInit:  - supports HTTP deflate (compression) using libz 1.2.8
LogInit:  - other features:
LogInit:      CURL_VERSION_SSL
LogInit:      CURL_VERSION_LIBZ
LogInit:      CURL_VERSION_IPV6
LogInit:      CURL_VERSION_ASYNCHDNS
LogInit:      CURL_VERSION_LARGEFILE
LogInit:      CURL_VERSION_IDN
LogInit:  CurlRequestOptions (configurable via config and command line):
LogInit:  - bVerifyPeer = true  - Libcurl will verify peer certificate
LogInit:  - bUseHttpProxy = false  - Libcurl will NOT use HTTP proxy
LogInit:  - bDontReuseConnections = false  - Libcurl will reuse connections
LogInit:  - MaxHostConnections = 16  - Libcurl will limit the number of connections to a host
LogInit:  - LocalHostAddr = Default
LogInit:  - BufferSize = 65536
LogOnline: OSS: Creating online subsystem instance for: NULL
LogInit: WinSock: version 1.1 (2.2), MaxSocks=32767, MaxUdp=65467
LogOnline: OSS: TryLoadSubsystemAndSetDefault: Loaded subsystem for module [NULL]
LogInit: Build: ++UE4+Release-4.24-CL-11100242
LogInit: Engine Version: 4.24.2-11100242+++UE4+Release-4.24
LogInit: Compatible Engine Version: 4.24.0-10570792+++UE4+Release-4.24
LogInit: Net CL: 10570792
LogInit: OS: Windows 10 (Release 1903) (), CPU: Intel(R) Core(TM) i7-8750H CPU @ 2.20GHz, GPU: Intel(R) UHD Graphics 630
LogInit: Compiled (64-bit): Jan 24 2020 02:05:53
LogInit: Compiled with Visual C++: 19.16.27032.01
LogInit: Build Configuration: Development
LogInit: Branch Name: ++UE4+Release-4.24
LogInit: Command Line: 
LogInit: Base Directory: D:/Epic Games/UE_4.24/Engine/Binaries/Win64/
LogInit: Installed Engine Build: 1
LogDevObjectVersion: Number of dev versions registered: 25
LogDevObjectVersion:   Dev-Blueprints (B0D832E4-1F89-4F0D-ACCF-7EB736FD4AA2): 10
LogDevObjectVersion:   Dev-Build (E1C64328-A22C-4D53-A36C-8E866417BD8C): 0
LogDevObjectVersion:   Dev-Core (375EC13C-06E4-48FB-B500-84F0262A717E): 3
LogDevObjectVersion:   Dev-Editor (E4B068ED-F494-42E9-A231-DA0B2E46BB41): 37
LogDevObjectVersion:   Dev-Framework (CFFC743F-43B0-4480-9391-14DF171D2073): 36
LogDevObjectVersion:   Dev-Mobile (B02B49B5-BB20-44E9-A304-32B752E40360): 2
LogDevObjectVersion:   Dev-Networking (A4E4105C-59A1-49B5-A7C5-40C4547EDFEE): 0
LogDevObjectVersion:   Dev-Online (39C831C9-5AE6-47DC-9A44-9C173E1C8E7C): 0
LogDevObjectVersion:   Dev-Physics (78F01B33-EBEA-4F98-B9B4-84EACCB95AA2): 2
LogDevObjectVersion:   Dev-Platform (6631380F-2D4D-43E0-8009-CF276956A95A): 0
LogDevObjectVersion:   Dev-Rendering (12F88B9F-8875-4AFC-A67C-D90C383ABD29): 36
LogDevObjectVersion:   Dev-Sequencer (7B5AE74C-D270-4C10-A958-57980B212A5A): 11
LogDevObjectVersion:   Dev-VR (D7296918-1DD6-4BDD-9DE2-64A83CC13884): 2
LogDevObjectVersion:   Dev-LoadTimes (C2A15278-BFE7-4AFE-6C17-90FF531DF755): 1
LogDevObjectVersion:   Private-Geometry (6EACA3D4-40EC-4CC1-B786-8BED09428FC5): 3
LogDevObjectVersion:   Dev-AnimPhys (29E575DD-E0A3-4627-9D10-D276232CDCEA): 17
LogDevObjectVersion:   Dev-Anim (AF43A65D-7FD3-4947-9873-3E8ED9C1BB05): 2
LogDevObjectVersion:   Dev-ReflectionCapture (6B266CEC-1EC7-4B8F-A30B-E4D90942FC07): 1
LogDevObjectVersion:   Dev-Automation (0DF73D61-A23F-47EA-B727-89E90C41499A): 1
LogDevObjectVersion:   FortniteMain (601D1886-AC64-4F84-AA16-D3DE0DEAC7D6): 31
LogDevObjectVersion:   Dev-Enterprise (9DFFBCD6-494F-0158-E221-12823C92A888): 8
LogDevObjectVersion:   Dev-Niagara (F2AED0AC-9AFE-416F-8664-AA7FFA26D6FC): 1
LogDevObjectVersion:   Dev-Destruction (174F1F0B-B4C6-45A5-B13F-2EE8D0FB917D): 9
LogDevObjectVersion:   Dev-Physics-Ext (35F94A83-E258-406C-A318-09F59610247C): 8
LogDevObjectVersion:   Dev-CineCamera (B2E18506-4273-CFC2-A54E-F4BB758BBA07): 1
LogInit: Presizing for max 25165824 objects, including 0 objects not considered by GC, pre-allocating 0 bytes for permanent pool.
LogInit: Object subsystem initialized
LogConfig: Setting CVar [[con.DebugEarlyDefault:1]]
LogConfig: Setting CVar [[r.setres:1280x720]]
[2020.05.02-04.05.21:797][  0]LogConfig: Setting CVar [[r.VSync:0]]
[2020.05.02-04.05.21:797][  0]LogConfig: Setting CVar [[r.RHICmdBypass:0]]
[2020.05.02-04.05.21:797][  0]LogConfig: Applying CVar settings from Section [/Script/Engine.RendererSettings] File [D:/Unreal Projects/VRProjFollowUp/Saved/Config/Windows/Engine.ini]
[2020.05.02-04.05.21:797][  0]LogConfig: Setting CVar [[r.GPUCrashDebugging:0]]
[2020.05.02-04.05.21:797][  0]LogConfig: Applying CVar settings from Section [/Script/Engine.RendererOverrideSettings] File [D:/Unreal Projects/VRProjFollowUp/Saved/Config/Windows/Engine.ini]
[2020.05.02-04.05.21:797][  0]LogConfig: Applying CVar settings from Section [/Script/Engine.StreamingSettings] File [D:/Unreal Projects/VRProjFollowUp/Saved/Config/Windows/Engine.ini]
[2020.05.02-04.05.21:797][  0]LogConfig: Setting CVar [[s.MinBulkDataSizeForAsyncLoading:131072]]
[2020.05.02-04.05.21:797][  0]LogConfig: Setting CVar [[s.AsyncLoadingThreadEnabled:0]]
[2020.05.02-04.05.21:797][  0]LogConfig: Setting CVar [[s.EventDrivenLoaderEnabled:1]]
[2020.05.02-04.05.21:797][  0]LogConfig: Setting CVar [[s.WarnIfTimeLimitExceeded:0]]
[2020.05.02-04.05.21:797][  0]LogConfig: Setting CVar [[s.TimeLimitExceededMultiplier:1.5]]
[2020.05.02-04.05.21:797][  0]LogConfig: Setting CVar [[s.TimeLimitExceededMinTime:0.005]]
[2020.05.02-04.05.21:797][  0]LogConfig: Setting CVar [[s.UseBackgroundLevelStreaming:1]]
[2020.05.02-04.05.21:797][  0]LogConfig: Setting CVar [[s.PriorityAsyncLoadingExtraTime:15.0]]
[2020.05.02-04.05.21:797][  0]LogConfig: Setting CVar [[s.LevelStreamingActorsUpdateTimeLimit:5.0]]
[2020.05.02-04.05.21:797][  0]LogConfig: Setting CVar [[s.PriorityLevelStreamingActorsUpdateExtraTime:5.0]]
[2020.05.02-04.05.21:797][  0]LogConfig: Setting CVar [[s.LevelStreamingComponentsRegistrationGranularity:10]]
[2020.05.02-04.05.21:797][  0]LogConfig: Setting CVar [[s.UnregisterComponentsTimeLimit:1.0]]
[2020.05.02-04.05.21:797][  0]LogConfig: Setting CVar [[s.LevelStreamingComponentsUnregistrationGranularity:5]]
[2020.05.02-04.05.21:797][  0]LogConfig: Setting CVar [[s.FlushStreamingOnExit:1]]
[2020.05.02-04.05.21:797][  0]LogConfig: Applying CVar settings from Section [/Script/Engine.GarbageCollectionSettings] File [D:/Unreal Projects/VRProjFollowUp/Saved/Config/Windows/Engine.ini]
[2020.05.02-04.05.21:797][  0]LogConfig: Setting CVar [[gc.MaxObjectsNotConsideredByGC:1]]
[2020.05.02-04.05.21:797][  0]LogConfig: Setting CVar [[gc.SizeOfPermanentObjectPool:0]]
[2020.05.02-04.05.21:797][  0]LogConfig: Setting CVar [[gc.FlushStreamingOnGC:0]]
[2020.05.02-04.05.21:797][  0]LogConfig: Setting CVar [[gc.NumRetriesBeforeForcingGC:10]]
[2020.05.02-04.05.21:798][  0]LogConfig: Setting CVar [[gc.AllowParallelGC:1]]
[2020.05.02-04.05.21:798][  0]LogConfig: Setting CVar [[gc.TimeBetweenPurgingPendingKillObjects:61.1]]
[2020.05.02-04.05.21:798][  0]LogConfig: Setting CVar [[gc.MaxObjectsInEditor:25165824]]
[2020.05.02-04.05.21:798][  0]LogConfig: Setting CVar [[gc.IncrementalBeginDestroyEnabled:1]]
[2020.05.02-04.05.21:798][  0]LogConfig: Setting CVar [[gc.CreateGCClusters:1]]
[2020.05.02-04.05.21:798][  0]LogConfig: Setting CVar [[gc.MinGCClusterSize:5]]
[2020.05.02-04.05.21:798][  0]LogConfig: Setting CVar [[gc.ActorClusteringEnabled:0]]
[2020.05.02-04.05.21:798][  0]LogConfig: Setting CVar [[gc.BlueprintClusteringEnabled:0]]
[2020.05.02-04.05.21:798][  0]LogConfig: Setting CVar [[gc.UseDisregardForGCOnDedicatedServers:0]]
[2020.05.02-04.05.21:798][  0]LogConfig: Applying CVar settings from Section [/Script/Engine.NetworkSettings] File [D:/Unreal Projects/VRProjFollowUp/Saved/Config/Windows/Engine.ini]
[2020.05.02-04.05.21:798][  0]LogConfig: Applying CVar settings from Section [/Script/UnrealEd.CookerSettings] File [D:/Unreal Projects/VRProjFollowUp/Saved/Config/Windows/Engine.ini]
[2020.05.02-04.05.21:800][  0]LogConfig: Applying CVar settings from Section [ViewDistanceQuality@3] File [D:/Unreal Projects/VRProjFollowUp/Saved/Config/Windows/Scalability.ini]
[2020.05.02-04.05.21:800][  0]LogConfig: Setting CVar [[r.SkeletalMeshLODBias:0]]
[2020.05.02-04.05.21:800][  0]LogConfig: Setting CVar [[r.ViewDistanceScale:1.0]]
[2020.05.02-04.05.21:800][  0]LogConfig: Applying CVar settings from Section [AntiAliasingQuality@3] File [D:/Unreal Projects/VRProjFollowUp/Saved/Config/Windows/Scalability.ini]
[2020.05.02-04.05.21:801][  0]LogConfig: Setting CVar [[r.PostProcessAAQuality:4]]
[2020.05.02-04.05.21:801][  0]LogConfig: Applying CVar settings from Section [ShadowQuality@3] File [D:/Unreal Projects/VRProjFollowUp/Saved/Config/Windows/Scalability.ini]
[2020.05.02-04.05.21:801][  0]LogConfig: Setting CVar [[r.LightFunctionQuality:1]]
[2020.05.02-04.05.21:801][  0]LogConfig: Setting CVar [[r.ShadowQuality:5]]
[2020.05.02-04.05.21:801][  0]LogConfig: Setting CVar [[r.Shadow.CSM.MaxCascades:10]]
[2020.05.02-04.05.21:801][  0]LogConfig: Setting CVar [[r.Shadow.MaxResolution:2048]]
[2020.05.02-04.05.21:801][  0]LogConfig: Setting CVar [[r.Shadow.MaxCSMResolution:2048]]
[2020.05.02-04.05.21:801][  0]LogConfig: Setting CVar [[r.Shadow.RadiusThreshold:0.01]]
[2020.05.02-04.05.21:801][  0]LogConfig: Setting CVar [[r.Shadow.DistanceScale:1.0]]
[2020.05.02-04.05.21:801][  0]LogConfig: Setting CVar [[r.Shadow.CSM.TransitionScale:1.0]]
[2020.05.02-04.05.21:801][  0]LogConfig: Setting CVar [[r.Shadow.PreShadowResolutionFactor:1.0]]
[2020.05.02-04.05.21:801][  0]LogConfig: Setting CVar [[r.DistanceFieldShadowing:1]]
[2020.05.02-04.05.21:801][  0]LogConfig: Setting CVar [[r.DistanceFieldAO:1]]
[2020.05.02-04.05.21:801][  0]LogConfig: Setting CVar [[r.AOQuality:2]]
[2020.05.02-04.05.21:801][  0]LogConfig: Setting CVar [[r.VolumetricFog:1]]
[2020.05.02-04.05.21:801][  0]LogConfig: Setting CVar [[r.VolumetricFog.GridPixelSize:8]]
[2020.05.02-04.05.21:801][  0]LogConfig: Setting CVar [[r.VolumetricFog.GridSizeZ:128]]
[2020.05.02-04.05.21:801][  0]LogConfig: Setting CVar [[r.VolumetricFog.HistoryMissSupersampleCount:4]]
[2020.05.02-04.05.21:801][  0]LogConfig: Setting CVar [[r.LightMaxDrawDistanceScale:1]]
[2020.05.02-04.05.21:801][  0]LogConfig: Setting CVar [[r.CapsuleShadows:1]]
[2020.05.02-04.05.21:801][  0]LogConfig: Applying CVar settings from Section [PostProcessQuality@3] File [D:/Unreal Projects/VRProjFollowUp/Saved/Config/Windows/Scalability.ini]
[2020.05.02-04.05.21:801][  0]LogConfig: Setting CVar [[r.MotionBlurQuality:4]]
[2020.05.02-04.05.21:801][  0]LogConfig: Setting CVar [[r.AmbientOcclusionMipLevelFactor:0.4]]
[2020.05.02-04.05.21:801][  0]LogConfig: Setting CVar [[r.AmbientOcclusionMaxQuality:100]]
[2020.05.02-04.05.21:801][  0]LogConfig: Setting CVar [[r.AmbientOcclusionLevels:-1]]
[2020.05.02-04.05.21:801][  0]LogConfig: Setting CVar [[r.AmbientOcclusionRadiusScale:1.0]]
[2020.05.02-04.05.21:801][  0]LogConfig: Setting CVar [[r.DepthOfFieldQuality:2]]
[2020.05.02-04.05.21:801][  0]LogConfig: Setting CVar [[r.RenderTargetPoolMin:400]]
[2020.05.02-04.05.21:801][  0]LogConfig: Setting CVar [[r.LensFlareQuality:2]]
[2020.05.02-04.05.21:801][  0]LogConfig: Setting CVar [[r.SceneColorFringeQuality:1]]
[2020.05.02-04.05.21:801][  0]LogConfig: Setting CVar [[r.EyeAdaptationQuality:2]]
[2020.05.02-04.05.21:801][  0]LogConfig: Setting CVar [[r.BloomQuality:5]]
[2020.05.02-04.05.21:801][  0]LogConfig: Setting CVar [[r.FastBlurThreshold:100]]
[2020.05.02-04.05.21:801][  0]LogConfig: Setting CVar [[r.Upscale.Quality:3]]
[2020.05.02-04.05.21:801][  0]LogConfig: Setting CVar [[r.Tonemapper.GrainQuantization:1]]
[2020.05.02-04.05.21:801][  0]LogConfig: Setting CVar [[r.LightShaftQuality:1]]
[2020.05.02-04.05.21:801][  0]LogConfig: Setting CVar [[r.Filter.SizeScale:1]]
[2020.05.02-04.05.21:801][  0]LogConfig: Setting CVar [[r.Tonemapper.Quality:5]]
[2020.05.02-04.05.21:801][  0]LogConfig: Setting CVar [[r.DOF.Gather.AccumulatorQuality:1        ; higher gathering accumulator quality]]
[2020.05.02-04.05.21:801][  0]LogConfig: Setting CVar [[r.DOF.Gather.PostfilterMethod:1          ; Median3x3 postfilering method]]
[2020.05.02-04.05.21:801][  0]LogConfig: Setting CVar [[r.DOF.Gather.EnableBokehSettings:0       ; no bokeh simulation when gathering]]
[2020.05.02-04.05.21:801][  0]LogConfig: Setting CVar [[r.DOF.Gather.RingCount:4                 ; medium number of samples when gathering]]
[2020.05.02-04.05.21:801][  0]LogConfig: Setting CVar [[r.DOF.Scatter.ForegroundCompositing:1    ; additive foreground scattering]]
[2020.05.02-04.05.21:801][  0]LogConfig: Setting CVar [[r.DOF.Scatter.BackgroundCompositing:2    ; additive background scattering]]
[2020.05.02-04.05.21:801][  0]LogConfig: Setting CVar [[r.DOF.Scatter.EnableBokehSettings:1      ; bokeh simulation when scattering]]
[2020.05.02-04.05.21:801][  0]LogConfig: Setting CVar [[r.DOF.Scatter.MaxSpriteRatio:0.1         ; only a maximum of 10% of scattered bokeh]]
[2020.05.02-04.05.21:801][  0]LogConfig: Setting CVar [[r.DOF.Recombine.Quality:1                ; cheap slight out of focus]]
[2020.05.02-04.05.21:801][  0]LogConfig: Setting CVar [[r.DOF.Recombine.EnableBokehSettings:0    ; no bokeh simulation on slight out of focus]]
[2020.05.02-04.05.21:801][  0]LogConfig: Setting CVar [[r.DOF.TemporalAAQuality:1                ; more stable temporal accumulation]]
[2020.05.02-04.05.21:801][  0]LogConfig: Setting CVar [[r.DOF.Kernel.MaxForegroundRadius:0.025]]
[2020.05.02-04.05.21:801][  0]LogConfig: Setting CVar [[r.DOF.Kernel.MaxBackgroundRadius:0.025]]
[2020.05.02-04.05.21:801][  0]LogConfig: Applying CVar settings from Section [TextureQuality@3] File [D:/Unreal Projects/VRProjFollowUp/Saved/Config/Windows/Scalability.ini]
[2020.05.02-04.05.21:801][  0]LogConfig: Setting CVar [[r.Streaming.MipBias:0]]
[2020.05.02-04.05.21:801][  0]LogConfig: Setting CVar [[r.Streaming.AmortizeCPUToGPUCopy:0]]
[2020.05.02-04.05.21:801][  0]LogConfig: Setting CVar [[r.Streaming.MaxNumTexturesToStreamPerFrame:0]]
[2020.05.02-04.05.21:801][  0]LogConfig: Setting CVar [[r.Streaming.Boost:1]]
[2020.05.02-04.05.21:801][  0]LogConfig: Setting CVar [[r.MaxAnisotropy:8]]
[2020.05.02-04.05.21:801][  0]LogConfig: Setting CVar [[r.VT.MaxAnisotropy:8]]
[2020.05.02-04.05.21:801][  0]LogConfig: Setting CVar [[r.Streaming.LimitPoolSizeToVRAM:0]]
[2020.05.02-04.05.21:802][  0]LogConfig: Setting CVar [[r.Streaming.PoolSize:1000]]
[2020.05.02-04.05.21:802][  0]LogConfig: Setting CVar [[r.Streaming.MaxEffectiveScreenSize:0]]
[2020.05.02-04.05.21:802][  0]LogConfig: Applying CVar settings from Section [EffectsQuality@3] File [D:/Unreal Projects/VRProjFollowUp/Saved/Config/Windows/Scalability.ini]
[2020.05.02-04.05.21:802][  0]LogConfig: Setting CVar [[r.TranslucencyLightingVolumeDim:64]]
[2020.05.02-04.05.21:802][  0]LogConfig: Setting CVar [[r.RefractionQuality:2]]
[2020.05.02-04.05.21:802][  0]LogConfig: Setting CVar [[r.SSR.Quality:3]]
[2020.05.02-04.05.21:802][  0]LogConfig: Setting CVar [[r.SSR.HalfResSceneColor:0]]
[2020.05.02-04.05.21:802][  0]LogConfig: Setting CVar [[r.SceneColorFormat:4]]
[2020.05.02-04.05.21:802][  0]LogConfig: Setting CVar [[r.DetailMode:2]]
[2020.05.02-04.05.21:802][  0]LogConfig: Setting CVar [[r.TranslucencyVolumeBlur:1]]
[2020.05.02-04.05.21:802][  0]LogConfig: Setting CVar [[r.MaterialQualityLevel:1 ; High quality]]
[2020.05.02-04.05.21:802][  0]LogConfig: Setting CVar [[r.SSS.Scale:1]]
[2020.05.02-04.05.21:802][  0]LogConfig: Setting CVar [[r.SSS.SampleSet:2]]
[2020.05.02-04.05.21:802][  0]LogConfig: Setting CVar [[r.SSS.Quality:1]]
[2020.05.02-04.05.21:802][  0]LogConfig: Setting CVar [[r.SSS.HalfRes:1]]
[2020.05.02-04.05.21:802][  0]LogConfig: Setting CVar [[r.SSGI.Quality:3]]
[2020.05.02-04.05.21:802][  0]LogConfig: Setting CVar [[r.EmitterSpawnRateScale:1.0]]
[2020.05.02-04.05.21:802][  0]LogConfig: Setting CVar [[r.ParticleLightQuality:2]]
[2020.05.02-04.05.21:802][  0]LogConfig: Setting CVar [[r.SkyAtmosphere.AerialPerspectiveLUT.FastApplyOnOpaque:1 ; Always have FastSkyLUT 1 in this case to avoid wrong sky]]
[2020.05.02-04.05.21:802][  0]LogConfig: Setting CVar [[r.SkyAtmosphere.AerialPerspectiveLUT.SampleCountPerSlice:1]]
[2020.05.02-04.05.21:802][  0]LogConfig: Setting CVar [[r.SkyAtmosphere.AerialPerspectiveLUT.DepthResolution:16.0]]
[2020.05.02-04.05.21:802][  0]LogConfig: Setting CVar [[r.SkyAtmosphere.FastSkyLUT:1]]
[2020.05.02-04.05.21:802][  0]LogConfig: Setting CVar [[r.SkyAtmosphere.FastSkyLUT.SampleCountMin:4.0]]
[2020.05.02-04.05.21:802][  0]LogConfig: Setting CVar [[r.SkyAtmosphere.FastSkyLUT.SampleCountMax:32.0]]
[2020.05.02-04.05.21:802][  0]LogConfig: Setting CVar [[r.SkyAtmosphere.SampleCountMin:4.0]]
[2020.05.02-04.05.21:802][  0]LogConfig: Setting CVar [[r.SkyAtmosphere.SampleCountMax:32.0]]
[2020.05.02-04.05.21:802][  0]LogConfig: Setting CVar [[r.SkyAtmosphere.TransmittanceLUT.UseSmallFormat:0]]
[2020.05.02-04.05.21:802][  0]LogConfig: Setting CVar [[r.SkyAtmosphere.TransmittanceLUT.SampleCount:10.0]]
[2020.05.02-04.05.21:802][  0]LogConfig: Setting CVar [[r.SkyAtmosphere.MultiScatteringLUT.SampleCount:15.0]]
[2020.05.02-04.05.21:802][  0]LogConfig: Applying CVar settings from Section [FoliageQuality@3] File [D:/Unreal Projects/VRProjFollowUp/Saved/Config/Windows/Scalability.ini]
[2020.05.02-04.05.21:802][  0]LogConfig: Setting CVar [[foliage.DensityScale:1.0]]
[2020.05.02-04.05.21:802][  0]LogConfig: Setting CVar [[grass.DensityScale:1.0]]
[2020.05.02-04.05.21:802][  0]LogConfig: Applying CVar settings from Section [ShadingQuality@3] File [D:/Unreal Projects/VRProjFollowUp/Saved/Config/Windows/Scalability.ini]
[2020.05.02-04.05.21:802][  0]LogConfig: Setting CVar [[r.HairStrands.SkyLighting.SampleCount:16]]
[2020.05.02-04.05.21:802][  0]LogConfig: Setting CVar [[r.HairStrands.SkyLighting.JitterIntegration:0]]
[2020.05.02-04.05.21:802][  0]LogConfig: Setting CVar [[r.HairStrands.SkyAO.SampleCount:16]]
[2020.05.02-04.05.21:802][  0]LogInit: Selected Device Profile: [Windows]
[2020.05.02-04.05.21:802][  0]LogInit: Applying CVar settings loaded from the selected device profile: [Windows]
[2020.05.02-04.05.21:805][  0]LogHAL: Display: Platform has ~ 16 GB [17027518464 / 17179869184 / 16], which maps to Larger [LargestMinGB=32, LargerMinGB=12, DefaultMinGB=8, SmallerMinGB=6, SmallestMinGB=0)
[2020.05.02-04.05.21:805][  0]LogInit: Going up to parent DeviceProfile []
[2020.05.02-04.05.21:805][  0]LogConfig: Applying CVar settings from Section [ViewDistanceQuality@3] File [D:/Unreal Projects/VRProjFollowUp/Saved/Config/Windows/Scalability.ini]
[2020.05.02-04.05.21:805][  0]LogConfig: Setting CVar [[r.SkeletalMeshLODBias:0]]
[2020.05.02-04.05.21:805][  0]LogConfig: Setting CVar [[r.ViewDistanceScale:1.0]]
[2020.05.02-04.05.21:805][  0]LogConfig: Applying CVar settings from Section [AntiAliasingQuality@3] File [D:/Unreal Projects/VRProjFollowUp/Saved/Config/Windows/Scalability.ini]
[2020.05.02-04.05.21:805][  0]LogConfig: Setting CVar [[r.PostProcessAAQuality:4]]
[2020.05.02-04.05.21:805][  0]LogConfig: Applying CVar settings from Section [ShadowQuality@3] File [D:/Unreal Projects/VRProjFollowUp/Saved/Config/Windows/Scalability.ini]
[2020.05.02-04.05.21:805][  0]LogConfig: Setting CVar [[r.LightFunctionQuality:1]]
[2020.05.02-04.05.21:805][  0]LogConfig: Setting CVar [[r.ShadowQuality:5]]
[2020.05.02-04.05.21:805][  0]LogConfig: Setting CVar [[r.Shadow.CSM.MaxCascades:10]]
[2020.05.02-04.05.21:805][  0]LogConfig: Setting CVar [[r.Shadow.MaxResolution:2048]]
[2020.05.02-04.05.21:805][  0]LogConfig: Setting CVar [[r.Shadow.MaxCSMResolution:2048]]
[2020.05.02-04.05.21:805][  0]LogConfig: Setting CVar [[r.Shadow.RadiusThreshold:0.01]]
[2020.05.02-04.05.21:805][  0]LogConfig: Setting CVar [[r.Shadow.DistanceScale:1.0]]
[2020.05.02-04.05.21:805][  0]LogConfig: Setting CVar [[r.Shadow.CSM.TransitionScale:1.0]]
[2020.05.02-04.05.21:805][  0]LogConfig: Setting CVar [[r.Shadow.PreShadowResolutionFactor:1.0]]
[2020.05.02-04.05.21:805][  0]LogConfig: Setting CVar [[r.DistanceFieldShadowing:1]]
[2020.05.02-04.05.21:805][  0]LogConfig: Setting CVar [[r.DistanceFieldAO:1]]
[2020.05.02-04.05.21:805][  0]LogConfig: Setting CVar [[r.AOQuality:2]]
[2020.05.02-04.05.21:805][  0]LogConfig: Setting CVar [[r.VolumetricFog:1]]
[2020.05.02-04.05.21:805][  0]LogConfig: Setting CVar [[r.VolumetricFog.GridPixelSize:8]]
[2020.05.02-04.05.21:805][  0]LogConfig: Setting CVar [[r.VolumetricFog.GridSizeZ:128]]
[2020.05.02-04.05.21:805][  0]LogConfig: Setting CVar [[r.VolumetricFog.HistoryMissSupersampleCount:4]]
[2020.05.02-04.05.21:805][  0]LogConfig: Setting CVar [[r.LightMaxDrawDistanceScale:1]]
[2020.05.02-04.05.21:805][  0]LogConfig: Setting CVar [[r.CapsuleShadows:1]]
[2020.05.02-04.05.21:805][  0]LogConfig: Applying CVar settings from Section [PostProcessQuality@3] File [D:/Unreal Projects/VRProjFollowUp/Saved/Config/Windows/Scalability.ini]
[2020.05.02-04.05.21:805][  0]LogConfig: Setting CVar [[r.MotionBlurQuality:4]]
[2020.05.02-04.05.21:805][  0]LogConfig: Setting CVar [[r.AmbientOcclusionMipLevelFactor:0.4]]
[2020.05.02-04.05.21:805][  0]LogConfig: Setting CVar [[r.AmbientOcclusionMaxQuality:100]]
[2020.05.02-04.05.21:805][  0]LogConfig: Setting CVar [[r.AmbientOcclusionLevels:-1]]
[2020.05.02-04.05.21:805][  0]LogConfig: Setting CVar [[r.AmbientOcclusionRadiusScale:1.0]]
[2020.05.02-04.05.21:805][  0]LogConfig: Setting CVar [[r.DepthOfFieldQuality:2]]
[2020.05.02-04.05.21:806][  0]LogConfig: Setting CVar [[r.RenderTargetPoolMin:400]]
[2020.05.02-04.05.21:806][  0]LogConfig: Setting CVar [[r.LensFlareQuality:2]]
[2020.05.02-04.05.21:806][  0]LogConfig: Setting CVar [[r.SceneColorFringeQuality:1]]
[2020.05.02-04.05.21:806][  0]LogConfig: Setting CVar [[r.EyeAdaptationQuality:2]]
[2020.05.02-04.05.21:806][  0]LogConfig: Setting CVar [[r.BloomQuality:5]]
[2020.05.02-04.05.21:806][  0]LogConfig: Setting CVar [[r.FastBlurThreshold:100]]
[2020.05.02-04.05.21:806][  0]LogConfig: Setting CVar [[r.Upscale.Quality:3]]
[2020.05.02-04.05.21:806][  0]LogConfig: Setting CVar [[r.Tonemapper.GrainQuantization:1]]
[2020.05.02-04.05.21:806][  0]LogConfig: Setting CVar [[r.LightShaftQuality:1]]
[2020.05.02-04.05.21:806][  0]LogConfig: Setting CVar [[r.Filter.SizeScale:1]]
[2020.05.02-04.05.21:806][  0]LogConfig: Setting CVar [[r.Tonemapper.Quality:5]]
[2020.05.02-04.05.21:806][  0]LogConfig: Setting CVar [[r.DOF.Gather.AccumulatorQuality:1        ; higher gathering accumulator quality]]
[2020.05.02-04.05.21:806][  0]LogConfig: Setting CVar [[r.DOF.Gather.PostfilterMethod:1          ; Median3x3 postfilering method]]
[2020.05.02-04.05.21:806][  0]LogConfig: Setting CVar [[r.DOF.Gather.EnableBokehSettings:0       ; no bokeh simulation when gathering]]
[2020.05.02-04.05.21:806][  0]LogConfig: Setting CVar [[r.DOF.Gather.RingCount:4                 ; medium number of samples when gathering]]
[2020.05.02-04.05.21:806][  0]LogConfig: Setting CVar [[r.DOF.Scatter.ForegroundCompositing:1    ; additive foreground scattering]]
[2020.05.02-04.05.21:806][  0]LogConfig: Setting CVar [[r.DOF.Scatter.BackgroundCompositing:2    ; additive background scattering]]
[2020.05.02-04.05.21:806][  0]LogConfig: Setting CVar [[r.DOF.Scatter.EnableBokehSettings:1      ; bokeh simulation when scattering]]
[2020.05.02-04.05.21:806][  0]LogConfig: Setting CVar [[r.DOF.Scatter.MaxSpriteRatio:0.1         ; only a maximum of 10% of scattered bokeh]]
[2020.05.02-04.05.21:806][  0]LogConfig: Setting CVar [[r.DOF.Recombine.Quality:1                ; cheap slight out of focus]]
[2020.05.02-04.05.21:806][  0]LogConfig: Setting CVar [[r.DOF.Recombine.EnableBokehSettings:0    ; no bokeh simulation on slight out of focus]]
[2020.05.02-04.05.21:806][  0]LogConfig: Setting CVar [[r.DOF.TemporalAAQuality:1                ; more stable temporal accumulation]]
[2020.05.02-04.05.21:806][  0]LogConfig: Setting CVar [[r.DOF.Kernel.MaxForegroundRadius:0.025]]
[2020.05.02-04.05.21:806][  0]LogConfig: Setting CVar [[r.DOF.Kernel.MaxBackgroundRadius:0.025]]
[2020.05.02-04.05.21:806][  0]LogConfig: Applying CVar settings from Section [TextureQuality@3] File [D:/Unreal Projects/VRProjFollowUp/Saved/Config/Windows/Scalability.ini]
[2020.05.02-04.05.21:806][  0]LogConfig: Setting CVar [[r.Streaming.MipBias:0]]
[2020.05.02-04.05.21:806][  0]LogConfig: Setting CVar [[r.Streaming.AmortizeCPUToGPUCopy:0]]
[2020.05.02-04.05.21:806][  0]LogConfig: Setting CVar [[r.Streaming.MaxNumTexturesToStreamPerFrame:0]]
[2020.05.02-04.05.21:806][  0]LogConfig: Setting CVar [[r.Streaming.Boost:1]]
[2020.05.02-04.05.21:806][  0]LogConfig: Setting CVar [[r.MaxAnisotropy:8]]
[2020.05.02-04.05.21:806][  0]LogConfig: Setting CVar [[r.VT.MaxAnisotropy:8]]
[2020.05.02-04.05.21:806][  0]LogConfig: Setting CVar [[r.Streaming.LimitPoolSizeToVRAM:0]]
[2020.05.02-04.05.21:806][  0]LogConfig: Setting CVar [[r.Streaming.PoolSize:1000]]
[2020.05.02-04.05.21:806][  0]LogConfig: Setting CVar [[r.Streaming.MaxEffectiveScreenSize:0]]
[2020.05.02-04.05.21:806][  0]LogConfig: Applying CVar settings from Section [EffectsQuality@3] File [D:/Unreal Projects/VRProjFollowUp/Saved/Config/Windows/Scalability.ini]
[2020.05.02-04.05.21:806][  0]LogConfig: Setting CVar [[r.TranslucencyLightingVolumeDim:64]]
[2020.05.02-04.05.21:806][  0]LogConfig: Setting CVar [[r.RefractionQuality:2]]
[2020.05.02-04.05.21:806][  0]LogConfig: Setting CVar [[r.SSR.Quality:3]]
[2020.05.02-04.05.21:806][  0]LogConfig: Setting CVar [[r.SSR.HalfResSceneColor:0]]
[2020.05.02-04.05.21:806][  0]LogConfig: Setting CVar [[r.SceneColorFormat:4]]
[2020.05.02-04.05.21:806][  0]LogConfig: Setting CVar [[r.DetailMode:2]]
[2020.05.02-04.05.21:806][  0]LogConfig: Setting CVar [[r.TranslucencyVolumeBlur:1]]
[2020.05.02-04.05.21:806][  0]LogConfig: Setting CVar [[r.MaterialQualityLevel:1 ; High quality]]
[2020.05.02-04.05.21:806][  0]LogConfig: Setting CVar [[r.SSS.Scale:1]]
[2020.05.02-04.05.21:806][  0]LogConfig: Setting CVar [[r.SSS.SampleSet:2]]
[2020.05.02-04.05.21:806][  0]LogConfig: Setting CVar [[r.SSS.Quality:1]]
[2020.05.02-04.05.21:806][  0]LogConfig: Setting CVar [[r.SSS.HalfRes:1]]
[2020.05.02-04.05.21:806][  0]LogConfig: Setting CVar [[r.SSGI.Quality:3]]
[2020.05.02-04.05.21:806][  0]LogConfig: Setting CVar [[r.EmitterSpawnRateScale:1.0]]
[2020.05.02-04.05.21:806][  0]LogConfig: Setting CVar [[r.ParticleLightQuality:2]]
[2020.05.02-04.05.21:806][  0]LogConfig: Setting CVar [[r.SkyAtmosphere.AerialPerspectiveLUT.FastApplyOnOpaque:1 ; Always have FastSkyLUT 1 in this case to avoid wrong sky]]
[2020.05.02-04.05.21:807][  0]LogConfig: Setting CVar [[r.SkyAtmosphere.AerialPerspectiveLUT.SampleCountPerSlice:1]]
[2020.05.02-04.05.21:807][  0]LogConfig: Setting CVar [[r.SkyAtmosphere.AerialPerspectiveLUT.DepthResolution:16.0]]
[2020.05.02-04.05.21:807][  0]LogConfig: Setting CVar [[r.SkyAtmosphere.FastSkyLUT:1]]
[2020.05.02-04.05.21:807][  0]LogConfig: Setting CVar [[r.SkyAtmosphere.FastSkyLUT.SampleCountMin:4.0]]
[2020.05.02-04.05.21:807][  0]LogConfig: Setting CVar [[r.SkyAtmosphere.FastSkyLUT.SampleCountMax:32.0]]
[2020.05.02-04.05.21:807][  0]LogConfig: Setting CVar [[r.SkyAtmosphere.SampleCountMin:4.0]]
[2020.05.02-04.05.21:807][  0]LogConfig: Setting CVar [[r.SkyAtmosphere.SampleCountMax:32.0]]
[2020.05.02-04.05.21:807][  0]LogConfig: Setting CVar [[r.SkyAtmosphere.TransmittanceLUT.UseSmallFormat:0]]
[2020.05.02-04.05.21:807][  0]LogConfig: Setting CVar [[r.SkyAtmosphere.TransmittanceLUT.SampleCount:10.0]]
[2020.05.02-04.05.21:807][  0]LogConfig: Setting CVar [[r.SkyAtmosphere.MultiScatteringLUT.SampleCount:15.0]]
[2020.05.02-04.05.21:807][  0]LogConfig: Applying CVar settings from Section [FoliageQuality@3] File [D:/Unreal Projects/VRProjFollowUp/Saved/Config/Windows/Scalability.ini]
[2020.05.02-04.05.21:807][  0]LogConfig: Setting CVar [[foliage.DensityScale:1.0]]
[2020.05.02-04.05.21:807][  0]LogConfig: Setting CVar [[grass.DensityScale:1.0]]
[2020.05.02-04.05.21:807][  0]LogConfig: Applying CVar settings from Section [ShadingQuality@3] File [D:/Unreal Projects/VRProjFollowUp/Saved/Config/Windows/Scalability.ini]
[2020.05.02-04.05.21:807][  0]LogConfig: Setting CVar [[r.HairStrands.SkyLighting.SampleCount:16]]
[2020.05.02-04.05.21:807][  0]LogConfig: Setting CVar [[r.HairStrands.SkyLighting.JitterIntegration:0]]
[2020.05.02-04.05.21:807][  0]LogConfig: Setting CVar [[r.HairStrands.SkyAO.SampleCount:16]]
[2020.05.02-04.05.21:807][  0]LogConfig: Applying CVar settings from Section [Startup] File [../../../Engine/Config/ConsoleVariables.ini]
[2020.05.02-04.05.21:807][  0]LogConfig: Setting CVar [[net.UseAdaptiveNetUpdateFrequency:0]]
[2020.05.02-04.05.21:807][  0]LogConfig: Setting CVar [[p.chaos.AllowCreatePhysxBodies:1]]
[2020.05.02-04.05.21:807][  0]LogConfig: Applying CVar settings from Section [ConsoleVariables] File [D:/Unreal Projects/VRProjFollowUp/Saved/Config/Windows/Engine.ini]
[2020.05.02-04.05.21:807][  0]LogInit: Computer: DESKTOP-ADQE5NP
[2020.05.02-04.05.21:807][  0]LogInit: User: Aga
[2020.05.02-04.05.21:807][  0]LogInit: CPU Page size=4096, Cores=6
[2020.05.02-04.05.21:807][  0]LogInit: High frequency timer resolution =10.000000 MHz
[2020.05.02-04.05.21:808][  0]LogMemory: Memory total: Physical=15.9GB (16GB approx)
[2020.05.02-04.05.21:808][  0]LogMemory: Platform Memory Stats for Windows
[2020.05.02-04.05.21:808][  0]LogMemory: Process Physical Memory: 105.89 MB used, 105.89 MB peak
[2020.05.02-04.05.21:808][  0]LogMemory: Process Virtual Memory: 101.62 MB used, 101.62 MB peak
[2020.05.02-04.05.21:808][  0]LogMemory: Physical Memory: 6497.82 MB used,  9740.88 MB free, 16238.71 MB total
[2020.05.02-04.05.21:808][  0]LogMemory: Virtual Memory: 5159.37 MB used,  134212568.00 MB free, 134217728.00 MB total
[2020.05.02-04.05.21:810][  0]LogWindows: WindowsPlatformFeatures enabled
[2020.05.02-04.05.21:828][  0]LogInit: Using OS detected language (en-US).
[2020.05.02-04.05.21:828][  0]LogInit: Using OS detected locale (en-ID).
[2020.05.02-04.05.21:829][  0]LogTextLocalizationManager: No specific localization for 'en-US' exists, so the 'en' localization will be used.
[2020.05.02-04.05.22:028][  0]LogInit: Setting process to per monitor DPI aware
[2020.05.02-04.05.22:059][  0]LogSlate: New Slate User Created.  User Index 0, Is Virtual User: 0
[2020.05.02-04.05.22:059][  0]LogSlate: Slate User Registered.  User Index 0, Is Virtual User: 0
[2020.05.02-04.05.22:234][  0]LogHMD: Failed to initialize OpenVR with code 101
[2020.05.02-04.05.22:234][  0]LogD3D11RHI: D3D11 min allowed feature level: 11_0
[2020.05.02-04.05.22:235][  0]LogD3D11RHI: D3D11 max allowed feature level: 11_0
[2020.05.02-04.05.22:235][  0]LogD3D11RHI: D3D11 adapters:
[2020.05.02-04.05.22:314][  0]LogD3D11RHI:    0. 'NVIDIA GeForce GTX 1050 Ti' (Feature Level 11_0)
[2020.05.02-04.05.22:315][  0]LogD3D11RHI:       4021/0/8119 MB DedicatedVideo/DedicatedSystem/SharedSystem, Outputs:1, VendorId:0x10de
[2020.05.02-04.05.22:345][  0]LogD3D11RHI:    1. 'Intel(R) UHD Graphics 630' (Feature Level 11_0)
[2020.05.02-04.05.22:345][  0]LogD3D11RHI:       128/0/8119 MB DedicatedVideo/DedicatedSystem/SharedSystem, Outputs:0, VendorId:0x8086
[2020.05.02-04.05.22:348][  0]LogD3D11RHI:    2. 'Microsoft Basic Render Driver' (Feature Level 11_0)
[2020.05.02-04.05.22:348][  0]LogD3D11RHI:       0/0/8119 MB DedicatedVideo/DedicatedSystem/SharedSystem, Outputs:0, VendorId:0x1414
[2020.05.02-04.05.22:348][  0]LogD3D11RHI: Chosen D3D11 Adapter: 0
[2020.05.02-04.05.22:411][  0]LogD3D11RHI: Creating new Direct3DDevice
[2020.05.02-04.05.22:412][  0]LogD3D11RHI:     GPU DeviceId: 0x1c8c (for the marketing name, search the web for "GPU Device Id")
[2020.05.02-04.05.22:412][  0]LogWindows: EnumDisplayDevices:
[2020.05.02-04.05.22:412][  0]LogWindows:    0. 'Intel(R) UHD Graphics 630' (P:1 D:1)
[2020.05.02-04.05.22:412][  0]LogWindows:    1. 'Intel(R) UHD Graphics 630' (P:0 D:0)
[2020.05.02-04.05.22:413][  0]LogWindows:    2. 'Intel(R) UHD Graphics 630' (P:0 D:0)
[2020.05.02-04.05.22:413][  0]LogWindows: DebugString: PrimaryIsNotTheChoosenAdapter PrimaryIsNotTheChoosenAdapter PrimaryIsNotTheChoosenAdapter FoundDriverCount:0 
[2020.05.02-04.05.22:413][  0]LogD3D11RHI:     Adapter Name: NVIDIA GeForce GTX 1050 Ti
[2020.05.02-04.05.22:413][  0]LogD3D11RHI:   Driver Version: Unknown (internal:Unknown, unified:Unknown)
[2020.05.02-04.05.22:413][  0]LogD3D11RHI:      Driver Date: Unknown
[2020.05.02-04.05.22:414][  0]LogRHI: Texture pool is 2814 MB (70% of 4021 MB)
[2020.05.02-04.05.22:510][  0]LogD3D11RHI: RHI has support for 64 bit atomics
[2020.05.02-04.05.22:510][  0]LogD3D11RHI: Async texture creation enabled
[2020.05.02-04.05.22:551][  0]LogD3D11RHI: GPU Timing Frequency: 1000.000000 (Debug: 2 1)
[2020.05.02-04.05.22:896][  0]LogTargetPlatformManager: Display: Loaded TargetPlatform 'AllDesktop'
[2020.05.02-04.05.22:930][  0]LogTargetPlatformManager: Display: Loaded TargetPlatform 'Android'
[2020.05.02-04.05.22:930][  0]LogTargetPlatformManager: Display: Loaded TargetPlatform 'Android_ASTC'
[2020.05.02-04.05.22:930][  0]LogTargetPlatformManager: Display: Loaded TargetPlatform 'Android_ATC'
[2020.05.02-04.05.22:930][  0]LogTargetPlatformManager: Display: Loaded TargetPlatform 'Android_DXT'
[2020.05.02-04.05.22:930][  0]LogTargetPlatformManager: Display: Loaded TargetPlatform 'Android_ETC1'
[2020.05.02-04.05.22:930][  0]LogTargetPlatformManager: Display: Loaded TargetPlatform 'Android_ETC1a'
[2020.05.02-04.05.22:930][  0]LogTargetPlatformManager: Display: Loaded TargetPlatform 'Android_ETC2'
[2020.05.02-04.05.22:930][  0]LogTargetPlatformManager: Display: Loaded TargetPlatform 'Android_PVRTC'
[2020.05.02-04.05.22:930][  0]LogTargetPlatformManager: Display: Loaded TargetPlatform 'AndroidClient'
[2020.05.02-04.05.22:930][  0]LogTargetPlatformManager: Display: Loaded TargetPlatform 'Android_ASTCClient'
[2020.05.02-04.05.22:930][  0]LogTargetPlatformManager: Display: Loaded TargetPlatform 'Android_ATCClient'
[2020.05.02-04.05.22:930][  0]LogTargetPlatformManager: Display: Loaded TargetPlatform 'Android_DXTClient'
[2020.05.02-04.05.22:930][  0]LogTargetPlatformManager: Display: Loaded TargetPlatform 'Android_ETC1Client'
[2020.05.02-04.05.22:930][  0]LogTargetPlatformManager: Display: Loaded TargetPlatform 'Android_ETC1aClient'
[2020.05.02-04.05.22:930][  0]LogTargetPlatformManager: Display: Loaded TargetPlatform 'Android_ETC2Client'
[2020.05.02-04.05.22:930][  0]LogTargetPlatformManager: Display: Loaded TargetPlatform 'Android_PVRTCClient'
[2020.05.02-04.05.22:930][  0]LogTargetPlatformManager: Display: Loaded TargetPlatform 'Android_Multi'
[2020.05.02-04.05.22:930][  0]LogTargetPlatformManager: Display: Loaded TargetPlatform 'Android_MultiClient'
[2020.05.02-04.05.22:948][  0]LogTargetPlatformManager: Display: Loaded TargetPlatform 'IOSClient'
[2020.05.02-04.05.22:948][  0]LogTargetPlatformManager: Display: Loaded TargetPlatform 'IOS'
[2020.05.02-04.05.22:956][  0]LogTargetPlatformManager: Display: Loaded TargetPlatform 'LinuxNoEditor'
[2020.05.02-04.05.22:963][  0]LogTargetPlatformManager: Display: Loaded TargetPlatform 'LinuxClient'
[2020.05.02-04.05.22:970][  0]LogTargetPlatformManager: Display: Loaded TargetPlatform 'LinuxServer'
[2020.05.02-04.05.22:977][  0]LogTargetPlatformManager: Display: Loaded TargetPlatform 'LinuxAArch64NoEditor'
[2020.05.02-04.05.22:985][  0]LogTargetPlatformManager: Display: Loaded TargetPlatform 'LinuxAArch64Client'
[2020.05.02-04.05.22:992][  0]LogTargetPlatformManager: Display: Loaded TargetPlatform 'LinuxAArch64Server'
[2020.05.02-04.05.23:016][  0]LogTargetPlatformManager: Display: Loaded TargetPlatform 'Lumin'
[2020.05.02-04.05.23:016][  0]LogTargetPlatformManager: Display: Loaded TargetPlatform 'LuminClient'
[2020.05.02-04.05.23:029][  0]LogTargetPlatformManager: Display: Loaded TargetPlatform 'TVOSClient'
[2020.05.02-04.05.23:029][  0]LogTargetPlatformManager: Display: Loaded TargetPlatform 'TVOS'
[2020.05.02-04.05.23:036][  0]LogTargetPlatformManager: Display: Loaded TargetPlatform 'WindowsNoEditor'
[2020.05.02-04.05.23:043][  0]LogTargetPlatformManager: Display: Loaded TargetPlatform 'Windows'
[2020.05.02-04.05.23:050][  0]LogTargetPlatformManager: Display: Loaded TargetPlatform 'WindowsClient'
[2020.05.02-04.05.23:058][  0]LogTargetPlatformManager: Display: Loaded TargetPlatform 'WindowsServer'
[2020.05.02-04.05.23:058][  0]LogTargetPlatformManager: Display: Building Assets For Windows
[2020.05.02-04.05.23:060][  0]LogAudioDebug: Display: Lib vorbis DLL was dynamically loaded.
[2020.05.02-04.05.23:080][  0]LogShaderCompilers: Guid format shader working directory is -2 characters bigger than the processId version (../../../../../Unreal Projects/VRProjFollowUp/Intermediate/Shaders/WorkingDirectory/16468/).
[2020.05.02-04.05.23:080][  0]LogShaderCompilers: Cleaned the shader compiler working directory 'C:/Users/Aga/AppData/Local/Temp/UnrealShaderWorkingDir/480BCF1A4F012E8902D25893BA157E64/'.
[2020.05.02-04.05.23:081][  0]LogXGEController: Cannot use XGE Controller as Incredibuild is not installed on this machine.
[2020.05.02-04.05.23:081][  0]LogShaderCompilers: Cannot use XGE Shader Compiler as Incredibuild is not installed on this machine.
[2020.05.02-04.05.23:081][  0]LogShaderCompilers: Display: Using Local Shader Compiler.
[2020.05.02-04.05.23:860][  0]LogDerivedDataCache: Display: Max Cache Size: 512 MB
[2020.05.02-04.05.23:917][  0]LogDerivedDataCache: Loaded boot cache 0.06s 78MB C:/Users/Aga/AppData/Local/UnrealEngine/4.24/DerivedDataCache/Boot.ddc.
[2020.05.02-04.05.23:917][  0]LogDerivedDataCache: Display: Loaded Boot cache: C:/Users/Aga/AppData/Local/UnrealEngine/4.24/DerivedDataCache/Boot.ddc
[2020.05.02-04.05.23:918][  0]LogDerivedDataCache: FDerivedDataBackendGraph:  Pak pak cache file ../../../../../Unreal Projects/VRProjFollowUp/DerivedDataCache/DDC.ddp not found, will not use a pak cache.
[2020.05.02-04.05.23:918][  0]LogDerivedDataCache: Unable to find inner node Pak for hierarchical cache Hierarchy.
[2020.05.02-04.05.23:918][  0]LogDerivedDataCache: FDerivedDataBackendGraph:  CompressedPak pak cache file ../../../../../Unreal Projects/VRProjFollowUp/DerivedDataCache/Compressed.ddp not found, will not use a pak cache.
[2020.05.02-04.05.23:918][  0]LogDerivedDataCache: Unable to find inner node CompressedPak for hierarchical cache Hierarchy.
[2020.05.02-04.05.23:930][  0]LogDerivedDataCache: Display: Pak cache opened for reading ../../../Engine/DerivedDataCache/Compressed.ddp.
[2020.05.02-04.05.23:931][  0]LogDerivedDataCache: FDerivedDataBackendGraph:  EnterprisePak pak cache file ../../../Enterprise/DerivedDataCache/Compressed.ddp not found, will not use a pak cache.
[2020.05.02-04.05.23:931][  0]LogDerivedDataCache: Unable to find inner node EnterprisePak for hierarchical cache Hierarchy.
[2020.05.02-04.05.23:932][  0]LogDerivedDataCache: Using Local data cache path C:/Users/Aga/AppData/Local/UnrealEngine/Common/DerivedDataCache: Writable
[2020.05.02-04.05.23:932][  0]LogDerivedDataCache: Shared data cache path not found in *engine.ini, will not use an Shared cache.
[2020.05.02-04.05.23:932][  0]LogDerivedDataCache: Unable to find inner node Shared for hierarchical cache Hierarchy.
[2020.05.02-04.05.23:961][  0]LogMaterial: Verifying Global Shaders for PCD3D_SM5
[2020.05.02-04.05.23:964][  0]LogSlate: Using FreeType 2.10.0
[2020.05.02-04.05.23:965][  0]LogSlate: SlateFontServices - WITH_FREETYPE: 1, WITH_HARFBUZZ: 1
[2020.05.02-04.05.24:019][  0]LogAssetRegistry: FAssetRegistry took 0.0028 seconds to start up
[2020.05.02-04.05.24:341][  0]LogInit: Selected Device Profile: [Windows]
[2020.05.02-04.05.24:507][  0]LogMeshReduction: Using QuadricMeshReduction for automatic static mesh reduction
[2020.05.02-04.05.24:507][  0]LogMeshReduction: Using SimplygonMeshReduction for automatic skeletal mesh reduction
[2020.05.02-04.05.24:507][  0]LogMeshReduction: Using ProxyLODMeshReduction for automatic mesh merging
[2020.05.02-04.05.24:507][  0]LogMeshReduction: No distributed automatic mesh merging module available
[2020.05.02-04.05.24:507][  0]LogMeshMerging: No distributed automatic mesh merging module available
[2020.05.02-04.05.24:521][  0]LogNetVersion: VRProjFollowUp 1.0.0, NetCL: 10570792, EngineNetVer: 13, GameNetVer: 0 (Checksum: 3617079923)
[2020.05.02-04.05.25:740][  0]LogPackageLocalizationCache: Processed 10 localized package path(s) for 1 prioritized culture(s) in 0.062578 seconds
[2020.05.02-04.05.25:752][  0]LogUObjectArray: 46750 objects as part of root set at end of initial load.
[2020.05.02-04.05.25:753][  0]LogUObjectAllocator: 8137160 out of 0 bytes used by permanent object pool.
[2020.05.02-04.05.25:753][  0]LogUObjectArray: CloseDisregardForGC: 0/0 objects in disregard for GC pool
[2020.05.02-04.05.26:264][  0]LogTcpMessaging: Initializing TcpMessaging bridge
[2020.05.02-04.05.26:267][  0]LogUdpMessaging: Initializing bridge on interface 0.0.0.0:0 to multicast group 230.0.0.1:6666.
[2020.05.02-04.05.26:367][  0]SourceControl: Source control is disabled
[2020.05.02-04.05.26:367][  0]SourceControl: Source control is disabled
[2020.05.02-04.05.26:369][  0]SourceControl: Source control is disabled
[2020.05.02-04.05.26:370][  0]SourceControl: Source control is disabled
[2020.05.02-04.05.26:372][  0]SourceControl: Source control is disabled
[2020.05.02-04.05.26:502][  0]LogAndroidPermission: UAndroidPermissionCallbackProxy::GetInstance
[2020.05.02-04.05.26:516][  0]LogAudioCaptureCore: Display: No Audio Capture implementations found. Audio input will be silent.
[2020.05.02-04.05.26:516][  0]LogAudioCaptureCore: Display: No Audio Capture implementations found. Audio input will be silent.
[2020.05.02-04.05.26:696][  0]LogOcInput: OculusInput pre-init called
[2020.05.02-04.05.26:710][  0]LogWindows: Failed to load 'OVRPlugin.dll' (GetLastError=126)
[2020.05.02-04.05.26:710][  0]LogWindows: File 'OVRPlugin.dll' does not exist
[2020.05.02-04.05.26:862][  0]LogEngine: Initializing Engine...
[2020.05.02-04.05.26:865][  0]LogHMD: Failed to initialize OpenVR with code 101
[2020.05.02-04.05.26:867][  0]LogStats: UGameplayTagsManager::InitializeManager -  0.000 s
[2020.05.02-04.05.27:664][  0]LogInit: Initializing FReadOnlyCVARCache
[2020.05.02-04.05.27:677][  0]LogAIModule: Creating AISystem for world Untitled
[2020.05.02-04.05.27:731][  0]LogAudioMixer: Display: Audio Mixer Platform Settings:
[2020.05.02-04.05.27:731][  0]LogAudioMixer: Display: 	Sample Rate:						  48000
[2020.05.02-04.05.27:731][  0]LogAudioMixer: Display: 	Callback Buffer Frame Size Requested: 1024
[2020.05.02-04.05.27:731][  0]LogAudioMixer: Display: 	Callback Buffer Frame Size To Use:	  1024
[2020.05.02-04.05.27:731][  0]LogAudioMixer: Display: 	Number of buffers to queue:			  2
[2020.05.02-04.05.27:731][  0]LogAudioMixer: Display: 	Max Channels (voices):				  32
[2020.05.02-04.05.27:731][  0]LogAudioMixer: Display: 	Number of Async Source Workers:		  0
[2020.05.02-04.05.27:731][  0]LogAudio: Display: AudioDevice MaxSources: 32
[2020.05.02-04.05.27:732][  0]LogAudio: Display: Using built-in audio occlusion.
[2020.05.02-04.05.27:732][  0]LogAudioMixer: Display: Initializing audio mixer.
[2020.05.02-04.05.27:781][  0]LogAudioMixer: Display: Audio Device Output Speaker Info:
[2020.05.02-04.05.27:781][  0]LogAudioMixer: Display: Name: Speakers (Realtek High Definition Audio)
[2020.05.02-04.05.27:782][  0]LogAudioMixer: Display: Is Default: Yes
[2020.05.02-04.05.27:782][  0]LogAudioMixer: Display: Sample Rate: 48000
[2020.05.02-04.05.27:782][  0]LogAudioMixer: Display: Channel Count Used: 2
[2020.05.02-04.05.27:782][  0]LogAudioMixer: Display: Device Channel Count: 2
[2020.05.02-04.05.27:782][  0]LogAudioMixer: Display: Channel Order:
[2020.05.02-04.05.27:782][  0]LogAudioMixer: Display: 0: FrontLeft
[2020.05.02-04.05.27:782][  0]LogAudioMixer: Display: 1: FrontRight
[2020.05.02-04.05.28:132][  0]LogAudioMixer: Display: Using Audio Device Speakers (Realtek High Definition Audio)
[2020.05.02-04.05.28:136][  0]LogInit: FAudioDevice initialized.
[2020.05.02-04.05.28:136][  0]LogNetVersion: Set ProjectVersion to 1.0.0.0. Version Checksum will be recalculated on next use.
[2020.05.02-04.05.28:292][  0]LogDerivedDataCache: Saved boot cache 0.16s 78MB C:/Users/Aga/AppData/Local/UnrealEngine/4.24/DerivedDataCache/Boot.ddc.
[2020.05.02-04.05.28:305][  0]LogInit: Texture streaming: Enabled
[2020.05.02-04.05.28:329][  0]LogEngineSessionManager: EngineSessionManager initialized
[2020.05.02-04.05.28:329][  0]LogEditorSessionSummary: Verbose: Initializing EditorSessionSummaryWriter for editor session tracking
[2020.05.02-04.05.28:337][  0]LogEditorSessionSummary: EditorSessionSummaryWriter initialized
[2020.05.02-04.05.28:441][  0]LogInit: Transaction tracking system initialized
[2020.05.02-04.05.28:453][  0]BlueprintLog: New page: Editor Load
[2020.05.02-04.05.28:490][  0]LocalizationService: Localization service is disabled
[2020.05.02-04.05.28:913][  0]LogFileCache: Scanning file cache for directory 'D:/Unreal Projects/VRProjFollowUp/Content/' took 0.00s
[2020.05.02-04.05.28:913][  0]LogCook: Display: Max memory allowance for cook 16384mb min free memory 0mb
[2020.05.02-04.05.28:914][  0]LogCook: Display: Mobile HDR setting 1
[2020.05.02-04.05.29:667][  0]SourceControl: Source control is disabled
[2020.05.02-04.05.29:909][  0]LogSlate: Took 0.000186 seconds to synchronously load lazily loaded font '../../../Engine/Content/Slate/Fonts/Roboto-Regular.ttf' (155K)
[2020.05.02-04.05.38:656][  0]LogSlate: Window 'Restore Packages' being destroyed
[2020.05.02-04.05.38:657][  0]LogWindowsTextInputMethodSystem: Display: IME system now deactivated.
[2020.05.02-04.05.38:665][  0]LogWindowsTextInputMethodSystem: Display: IME system now deactivated.
[2020.05.02-04.05.38:674][  0]Cmd: MAP LOAD FILE="../../../../../Unreal Projects/VRProjFollowUp/Content/FlyingBP/Maps/FlyingExampleMap.umap" TEMPLATE=0 SHOWPROGRESS=1 FEATURELEVEL=3
[2020.05.02-04.05.38:674][  0]LightingResults: New page: Lighting Build
[2020.05.02-04.05.38:675][  0]LogWorld: UWorld::CleanupWorld for Untitled, bSessionEnded=true, bCleanupResources=true
[2020.05.02-04.05.38:676][  0]LogSlate: InvalidateAllWidgets triggered.  All widgets were invalidated
[2020.05.02-04.05.38:676][  0]MapCheck: New page: Map Check
[2020.05.02-04.05.38:676][  0]LightingResults: New page: Lighting Build
[2020.05.02-04.05.38:730][  0]LogUObjectHash: Compacting FUObjectHashTables data took   3.46ms
[2020.05.02-04.05.39:185][  0]LogAIModule: Creating AISystem for world FlyingExampleMap
[2020.05.02-04.05.39:222][  0]LogEditorServer: Finished looking for orphan Actors (0.000 secs)
[2020.05.02-04.05.39:277][  0]LogUObjectHash: Compacting FUObjectHashTables data took   3.08ms
[2020.05.02-04.05.39:278][  0]Cmd: MAP CHECKDEP NOCLEARLOG
[2020.05.02-04.05.39:278][  0]MapCheck: Map check complete: 0 Error(s), 0 Warning(s), took 0.104ms to complete.
[2020.05.02-04.05.39:278][  0]LogFileHelpers: Loading map 'FlyingExampleMap' took 0.604
[2020.05.02-04.05.39:423][  0]LogSlate: Updating window title bar state: overlay mode, drag disabled, window buttons hidden, title bar hidden
[2020.05.02-04.05.39:446][  0]LogSlate: Updating window title bar state: overlay mode, drag disabled, window buttons hidden, title bar hidden
[2020.05.02-04.05.39:471][  0]LogSlate: Updating window title bar state: overlay mode, drag disabled, window buttons hidden, title bar hidden
[2020.05.02-04.05.39:486][  0]LogSlate: Updating window title bar state: overlay mode, drag disabled, window buttons hidden, title bar hidden
[2020.05.02-04.05.39:491][  0]LogCollectionManager: Loaded 0 collections in 0.001045 seconds
[2020.05.02-04.05.39:505][  0]LogFileCache: Scanning file cache for directory 'D:/Unreal Projects/VRProjFollowUp/Saved/Collections/' took 0.00s
[2020.05.02-04.05.39:506][  0]LogFileCache: Scanning file cache for directory 'D:/Unreal Projects/VRProjFollowUp/Content/Developers/Aga/Collections/' took 0.00s
[2020.05.02-04.05.39:506][  0]LogFileCache: Scanning file cache for directory 'D:/Unreal Projects/VRProjFollowUp/Content/Collections/' took 0.00s
[2020.05.02-04.05.39:506][  0]LogContentBrowser: Native class hierarchy populated in 0.0107 seconds. Added 3024 classes and 722 folders.
[2020.05.02-04.05.39:510][  0]LogContentBrowser: Native class hierarchy updated for 'WidgetCarousel' in 0.0003 seconds. Added 0 classes and 0 folders.
[2020.05.02-04.05.39:555][  0]LogContentBrowser: Native class hierarchy updated for 'AddContentDialog' in 0.0002 seconds. Added 0 classes and 0 folders.
[2020.05.02-04.05.39:558][  0]LogContentBrowser: Native class hierarchy updated for 'SceneOutliner' in 0.0003 seconds. Added 2 classes and 3 folders.
[2020.05.02-04.05.39:678][  0]LogSlate: Took 0.000175 seconds to synchronously load lazily loaded font '../../../Engine/Content/Slate/Fonts/Roboto-Bold.ttf' (160K)
[2020.05.02-04.05.39:685][  0]LogSlate: Took 0.000172 seconds to synchronously load lazily loaded font '../../../Engine/Content/Editor/Slate/Fonts/FontAwesome.ttf' (139K)
[2020.05.02-04.05.39:740][  0]LogRenderer: Reallocating scene render targets to support 812x456 Format 10 NumSamples 1 (Frame:1).
[2020.05.02-04.05.39:890][  0]LogContentBrowser: Native class hierarchy updated for 'HierarchicalLODOutliner' in 0.0004 seconds. Added 0 classes and 0 folders.
[2020.05.02-04.05.39:890][  0]LogLoad: (Engine Initialization) Total time: 19.37 seconds
[2020.05.02-04.05.39:891][  0]LogLoad: (Engine Initialization) Total Blueprint compile time: 0.00 seconds
[2020.05.02-04.05.39:962][  0]LogContentStreaming: Texture pool size now 1000 MB
[2020.05.02-04.05.40:001][  0]LogSlate: Took 0.000181 seconds to synchronously load lazily loaded font '../../../Engine/Content/Slate/Fonts/Roboto-Light.ttf' (167K)
[2020.05.02-04.05.40:157][  1]LogAssetRegistry: Asset discovery search completed in 16.1381 seconds
[2020.05.02-04.05.40:160][  1]LogCollectionManager: Fixed up redirectors for 0 collections in 0.000009 seconds (updated 0 objects)
[2020.05.02-04.05.43:010][ 89]LogEditorViewport: Clicking on Actor (context menu): StaticMeshActor (Ground_4)
[2020.05.02-04.05.50:420][292]LogEditorViewport: Clicking on Actor (LMB): EnemyFlyingThing_C (EnemyFlyingThing)
[2020.05.02-04.06.26:522][241]LogSlate: Took 0.000147 seconds to synchronously load lazily loaded font '../../../Engine/Content/Slate/Fonts/Roboto-Light.ttf' (167K)
[2020.05.02-04.06.26:596][241]LogAssetEditorSubsystem: Opening Asset editor for Blueprint /Game/FlyingBP/Blueprints/EnemyFlyingThing.EnemyFlyingThing
[2020.05.02-04.06.26:935][241]LogContentBrowser: Native class hierarchy updated for 'BlueprintGraph' in 0.0005 seconds. Added 121 classes and 0 folders.
[2020.05.02-04.06.28:066][241]LogSlate: Took 0.000316 seconds to synchronously load lazily loaded font '../../../Engine/Content/Slate/Fonts/Roboto-BoldCondensed.ttf' (158K)
[2020.05.02-04.06.38:594][421]Cmd: OBJ SAVEPACKAGE PACKAGE="/Game/FlyingBP/Blueprints/EnemyFlyingThing" FILE="../../../../../Unreal Projects/VRProjFollowUp/Content/FlyingBP/Blueprints/EnemyFlyingThing.uasset" SILENT=true
[2020.05.02-04.06.38:651][421]LogSavePackage: Moving '../../../../../Unreal Projects/VRProjFollowUp/Saved/EnemyFlyingThing391BEF4E4F3B113C8F90809CCB78C203.tmp' to '../../../../../Unreal Projects/VRProjFollowUp/Content/FlyingBP/Blueprints/EnemyFlyingThing.uasset'
[2020.05.02-04.06.38:687][421]AssetCheck: New page: Asset Save: EnemyFlyingThing
[2020.05.02-04.06.38:687][421]LogContentValidation: Display: Validating Blueprint /Game/FlyingBP/Blueprints/EnemyFlyingThing.EnemyFlyingThing
[2020.05.02-04.06.39:228][433]LogSlate: Window 'EnemyFlyingThing' being destroyed
[2020.05.02-04.06.39:299][433]LogWorld: UWorld::CleanupWorld for World_9, bSessionEnded=true, bCleanupResources=true
[2020.05.02-04.06.39:299][433]LogSlate: InvalidateAllWidgets triggered.  All widgets were invalidated
[2020.05.02-04.06.50:023][666]LogSlate: Window 'Pick Parent Class' being destroyed
[2020.05.02-04.06.57:301][879]Cmd: OBJ SAVEPACKAGE PACKAGE="/Game/FlyingBP/Blueprints/Grid/BP_Grid" FILE="../../../../../Unreal Projects/VRProjFollowUp/Content/FlyingBP/Blueprints/Grid/BP_Grid.uasset" SILENT=true
[2020.05.02-04.06.57:331][879]LogSavePackage: Moving '../../../../../Unreal Projects/VRProjFollowUp/Saved/BP_GridB9F490EF4A931BDA90005B9AC98AF078.tmp' to '../../../../../Unreal Projects/VRProjFollowUp/Content/FlyingBP/Blueprints/Grid/BP_Grid.uasset'
[2020.05.02-04.06.57:432][879]AssetCheck: New page: Asset Save: BP_Grid
[2020.05.02-04.06.57:433][879]LogContentValidation: Display: Validating Blueprint /Game/FlyingBP/Blueprints/Grid/BP_Grid.BP_Grid
[2020.05.02-04.06.57:874][891]LogAssetEditorSubsystem: Opening Asset editor for Blueprint /Game/FlyingBP/Blueprints/Grid/BP_Grid.BP_Grid
[2020.05.02-04.06.58:617][891]LogRenderer: Reallocating scene render targets to support 960x476 Format 10 NumSamples 1 (Frame:1).
[2020.05.02-04.07.11:831][220]LogSlate: Took 0.000202 seconds to synchronously load lazily loaded font '../../../Engine/Content/Slate/Fonts/Roboto-BoldCondensedItalic.ttf' (160K)
[2020.05.02-04.07.37:726][564]LogSlate: Took 0.000155 seconds to synchronously load lazily loaded font '../../../Engine/Content/Slate/Fonts/Roboto-Italic.ttf' (157K)
[2020.05.02-04.07.38:288][566]LogD3D11RHI: Timed out while waiting for GPU to catch up. (0.5 s) (ErrorCode 00000001)
[2020.05.02-04.07.43:290][566]LogD3D11RHI: GetQueryData is taking a very long time (5.0 s)
[2020.05.02-04.07.48:289][566]LogD3D11RHI: GetQueryData is taking a very long time (10.0 s)
[2020.05.02-04.07.53:289][566]LogD3D11RHI: GetQueryData is taking a very long time (15.0 s)
[2020.05.02-04.07.58:289][566]LogD3D11RHI: GetQueryData is taking a very long time (20.0 s)
[2020.05.02-04.08.03:288][566]LogD3D11RHI: GetQueryData is taking a very long time (25.0 s)
[2020.05.02-04.08.08:294][566]LogD3D11RHI: GetQueryData is taking a very long time (30.0 s)
[2020.05.02-04.08.08:294][566]LogD3D11RHI: Timed out while waiting for GPU to catch up. (30.0 s) (ErrorCode 00000001)
[2020.05.02-04.08.08:294][566]LogWindows: Windows GetLastError: The operation completed successfully. (0)
[2020.05.02-04.08.09:838][566]LogOutputDevice: Warning: 

Script Stack (0 frames):

[2020.05.02-04.08.09:838][566]LogWindows: Windows GetLastError: The operation completed successfully. (0)
[2020.05.02-04.08.09:849][566]LogWindows: Error: === Critical error: ===
[2020.05.02-04.08.09:849][566]LogWindows: Error: 
[2020.05.02-04.08.09:849][566]LogWindows: Error: Fatal error: [File:D:/Build/++UE4/Sync/Engine/Source/Runtime/RenderCore/Private/RenderingThread.cpp] [Line: 853] 
[2020.05.02-04.08.09:849][566]LogWindows: Error: Rendering thread exception:
[2020.05.02-04.08.09:849][566]LogWindows: Error: Assertion failed: GD3D11RHI->GetQueryData(Query->Resource, &Query->Result, sizeof(Query->Result), Query->QueryType, true, false) [File:D:/Build/++UE4/Sync/Engine/Source/Runtime/Windows/D3D11RHI/Private/D3D11Query.cpp] [Line: 45] 
[2020.05.02-04.08.09:849][566]LogWindows: Error: 
[2020.05.02-04.08.09:849][566]LogWindows: Error: 
[2020.05.02-04.08.09:849][566]LogWindows: Error: 
[2020.05.02-04.08.09:849][566]LogWindows: Error: [Callstack] 0x00007ffe45bda859 KERNELBASE.dll!UnknownFunction []
[2020.05.02-04.08.09:849][566]LogWindows: Error: [Callstack] 0x00007ffe0179a9a6 UE4Editor-Core.dll!UnknownFunction []
[2020.05.02-04.08.09:849][566]LogWindows: Error: [Callstack] 0x00007ffe0179de48 UE4Editor-Core.dll!UnknownFunction []
[2020.05.02-04.08.09:849][566]LogWindows: Error: [Callstack] 0x00007ffe01552c7d UE4Editor-Core.dll!UnknownFunction []
[2020.05.02-04.08.09:849][566]LogWindows: Error: [Callstack] 0x00007ffe014dfd43 UE4Editor-Core.dll!UnknownFunction []
[2020.05.02-04.08.09:849][566]LogWindows: Error: [Callstack] 0x00007ffe014e20c0 UE4Editor-Core.dll!UnknownFunction []
[2020.05.02-04.08.09:849][566]LogWindows: Error: [Callstack] 0x00007ffde79c595d UE4Editor-D3D11RHI.dll!UnknownFunction []
[2020.05.02-04.08.09:849][566]LogWindows: Error: [Callstack] 0x00007ffde79d4619 UE4Editor-D3D11RHI.dll!UnknownFunction []
[2020.05.02-04.08.09:849][566]LogWindows: Error: [Callstack] 0x00007ffe20c241af UE4Editor-RHI.dll!UnknownFunction []
[2020.05.02-04.08.09:849][566]LogWindows: Error: [Callstack] 0x00007ff6bb5f9dcd UE4Editor.exe!UnknownFunction []
[2020.05.02-04.08.09:849][566]LogWindows: Error: [Callstack] 0x00007ffe01329ff2 UE4Editor-Core.dll!UnknownFunction []
[2020.05.02-04.08.09:849][566]LogWindows: Error: [Callstack] 0x00007ffe0132a393 UE4Editor-Core.dll!UnknownFunction []
[2020.05.02-04.08.09:849][566]LogWindows: Error: [Callstack] 0x00007ffe10185391 UE4Editor-RenderCore.dll!UnknownFunction []
[2020.05.02-04.08.09:849][566]LogWindows: Error: [Callstack] 0x00007ffe1018e254 UE4Editor-RenderCore.dll!UnknownFunction []
[2020.05.02-04.08.09:849][566]LogWindows: Error: [Callstack] 0x00007ffe017a380f UE4Editor-Core.dll!UnknownFunction []
[2020.05.02-04.08.09:849][566]LogWindows: Error: [Callstack] 0x00007ffe017a3644 UE4Editor-Core.dll!UnknownFunction []
[2020.05.02-04.08.09:850][566]LogWindows: Error: [Callstack] 0x00007ffe46a97bd4 KERNEL32.DLL!UnknownFunction []
[2020.05.02-04.08.09:850][566]LogWindows: Error: [Callstack] 0x00007ffe47e0ced1 ntdll.dll!UnknownFunction []
[2020.05.02-04.08.09:850][566]LogWindows: Error: 
[2020.05.02-04.08.09:850][566]LogWindows: Error: 
[2020.05.02-04.08.09:850][566]LogWindows: Error: 
[2020.05.02-04.08.09:850][566]LogWindows: Error: 
[2020.05.02-04.08.09:875][566]LogExit: Executing StaticShutdownAfterError
[2020.05.02-04.08.09:881][566]LogWindows: FPlatformMisc::RequestExit(1)
[2020.05.02-04.08.09:881][566]LogCore: Engine exit requested (reason: Win RequestExit)
[2020.05.02-04.08.09:893][566]Log file closed, 05/02/20 11:08:09
